<?xml version="1.0" encoding="UTF-8"?>
<testsuite xmlns:xsi="http://www.w3.org/2001/XMLSchema-instance" xsi:noNamespaceSchemaLocation="https://maven.apache.org/surefire/maven-surefire-plugin/xsd/surefire-test-report-3.0.xsd" version="3.0" name="com.mulesoft.training.HelloMavenTest" time="10.381" tests="1" errors="0" skipped="0" failures="0">
  <properties>
    <property name="sun.desktop" value="windows"/>
    <property name="awt.toolkit" value="sun.awt.windows.WToolkit"/>
    <property name="file.encoding.pkg" value="sun.io"/>
    <property name="java.specification.version" value="1.8"/>
    <property name="sun.cpu.isalist" value="amd64"/>
    <property name="sun.jnu.encoding" value="Cp1252"/>
    <property name="java.class.path" value="C:\dev\workspaces\anypoint\maven-project\target\test-classes;C:\dev\workspaces\anypoint\maven-project\target\classes;C:\Users\Meghana.Shivakumar\.m2\repository\com\mulesoft\muleesb\mule-core-ee\3.9.1\mule-core-ee-3.9.1.jar;C:\Users\Meghana.Shivakumar\.m2\repository\org\mule\mule-core\3.9.1\mule-core-3.9.1.jar;C:\Users\Meghana.Shivakumar\.m2\repository\org\mule\extensions\mule-extensions-api\1.0.0-alpha-1\mule-extensions-api-1.0.0-alpha-1.jar;C:\Users\Meghana.Shivakumar\.m2\repository\commons-beanutils\commons-beanutils\1.9.3\commons-beanutils-1.9.3.jar;C:\Users\Meghana.Shivakumar\.m2\repository\com\github\stephenc\eaio-uuid\uuid\3.4.0\uuid-3.4.0.jar;C:\Users\Meghana.Shivakumar\.m2\repository\com\github\stephenc\eaio-grabbag\grabbag\1.8.1\grabbag-1.8.1.jar;C:\Users\Meghana.Shivakumar\.m2\repository\commons-cli\commons-cli\1.2\commons-cli-1.2.jar;C:\Users\Meghana.Shivakumar\.m2\repository\commons-collections\commons-collections\3.2.2\commons-collections-3.2.2.jar;C:\Users\Meghana.Shivakumar\.m2\repository\commons-io\commons-io\2.6\commons-io-2.6.jar;C:\Users\Meghana.Shivakumar\.m2\repository\commons-lang\commons-lang\2.6\commons-lang-2.6.jar;C:\Users\Meghana.Shivakumar\.m2\repository\org\apache\commons\commons-lang3\3.6\commons-lang3-3.6.jar;C:\Users\Meghana.Shivakumar\.m2\repository\commons-pool\commons-pool\1.6\commons-pool-1.6.jar;C:\Users\Meghana.Shivakumar\.m2\repository\javax\transaction\javax.transaction-api\1.2\javax.transaction-api-1.2.jar;C:\Users\Meghana.Shivakumar\.m2\repository\org\apache\geronimo\specs\geronimo-j2ee-connector_1.5_spec\2.0.0\geronimo-j2ee-connector_1.5_spec-2.0.0.jar;C:\Users\Meghana.Shivakumar\.m2\repository\javax\inject\javax.inject\1\javax.inject-1.jar;C:\Users\Meghana.Shivakumar\.m2\repository\com\lmax\disruptor\3.3.0\disruptor-3.3.0.jar;C:\Users\Meghana.Shivakumar\.m2\repository\org\apache\logging\log4j\log4j-api\2.8.2\log4j-api-2.8.2.jar;C:\Users\Meghana.Shivakumar\.m2\repository\org\apache\logging\log4j\log4j-core\2.8.2\log4j-core-2.8.2.jar;C:\Users\Meghana.Shivakumar\.m2\repository\org\apache\logging\log4j\log4j-slf4j-impl\2.8.2\log4j-slf4j-impl-2.8.2.jar;C:\Users\Meghana.Shivakumar\.m2\repository\org\apache\logging\log4j\log4j-1.2-api\2.8.2\log4j-1.2-api-2.8.2.jar;C:\Users\Meghana.Shivakumar\.m2\repository\org\apache\logging\log4j\log4j-jcl\2.8.2\log4j-jcl-2.8.2.jar;C:\Users\Meghana.Shivakumar\.m2\repository\commons-logging\commons-logging\1.2\commons-logging-1.2.jar;C:\Users\Meghana.Shivakumar\.m2\repository\org\slf4j\jcl-over-slf4j\1.7.24\jcl-over-slf4j-1.7.24.jar;C:\Users\Meghana.Shivakumar\.m2\repository\org\apache\logging\log4j\log4j-jul\2.8.2\log4j-jul-2.8.2.jar;C:\Users\Meghana.Shivakumar\.m2\repository\asm\asm\3.1\asm-3.1.jar;C:\Users\Meghana.Shivakumar\.m2\repository\asm\asm-commons\3.1\asm-commons-3.1.jar;C:\Users\Meghana.Shivakumar\.m2\repository\asm\asm-tree\3.1\asm-tree-3.1.jar;C:\Users\Meghana.Shivakumar\.m2\repository\org\mule\mvel\mule-mvel2\2.1.9-MULE-015\mule-mvel2-2.1.9-MULE-015.jar;C:\Users\Meghana.Shivakumar\.m2\repository\org\jgrapht\jgrapht-jdk1.5\0.7.3\jgrapht-jdk1.5-0.7.3.jar;C:\Users\Meghana.Shivakumar\.m2\repository\com\fasterxml\jackson\core\jackson-core\2.9.5\jackson-core-2.9.5.jar;C:\Users\Meghana.Shivakumar\.m2\repository\com\mulesoft\licm\licm\1.2.1\licm-1.2.1.jar;C:\Users\Meghana.Shivakumar\.m2\repository\de\schlichtherle\truelicense\1.29\truelicense-1.29.jar;C:\Users\Meghana.Shivakumar\.m2\repository\de\schlichtherle\truexml\1.29\truexml-1.29.jar;C:\Users\Meghana.Shivakumar\.m2\repository\opensymphony\propertyset\1.3\propertyset-1.3.jar;C:\Users\Meghana.Shivakumar\.m2\repository\opensymphony\oscore\2.2.4\oscore-2.2.4.jar;C:\Users\Meghana.Shivakumar\.m2\repository\org\aspectj\aspectjrt\1.8.5\aspectjrt-1.8.5.jar;C:\Users\Meghana.Shivakumar\.m2\repository\com\mulesoft\muleesb\modules\mule-module-spring-config-ee\3.9.1\mule-module-spring-config-ee-3.9.1.jar;C:\Users\Meghana.Shivakumar\.m2\repository\com\mulesoft\muleesb\modules\mule-module-multi-tx-ee\3.9.1\mule-module-multi-tx-ee-3.9.1.jar;C:\Users\Meghana.Shivakumar\.m2\repository\com\mulesoft\muleesb\modules\mule-module-xa-tx-ee\3.9.1\mule-module-xa-tx-ee-3.9.1.jar;C:\Users\Meghana.Shivakumar\.m2\repository\com\mulesoft\muleesb\modules\mule-module-cache-ee\3.9.1\mule-module-cache-ee-3.9.1.jar;C:\Users\Meghana.Shivakumar\.m2\repository\org\springframework\spring-context\4.1.9.RELEASE\spring-context-4.1.9.RELEASE.jar;C:\Users\Meghana.Shivakumar\.m2\repository\org\springframework\spring-core\4.1.9.RELEASE\spring-core-4.1.9.RELEASE.jar;C:\Users\Meghana.Shivakumar\.m2\repository\org\springframework\spring-expression\4.1.9.RELEASE\spring-expression-4.1.9.RELEASE.jar;C:\Users\Meghana.Shivakumar\.m2\repository\org\mule\transports\mule-transport-file\3.9.1\mule-transport-file-3.9.1.jar;C:\Users\Meghana.Shivakumar\.m2\repository\org\mule\transports\mule-transport-http\3.9.1\mule-transport-http-3.9.1.jar;C:\Users\Meghana.Shivakumar\.m2\repository\org\mule\transports\mule-transport-ssl\3.9.1\mule-transport-ssl-3.9.1.jar;C:\Users\Meghana.Shivakumar\.m2\repository\commons-codec\commons-codec\1.9\commons-codec-1.9.jar;C:\Users\Meghana.Shivakumar\.m2\repository\org\mule\apache\commons-httpclient\commons-httpclient\3.1-14-MULE-001\commons-httpclient-3.1-14-MULE-001.jar;C:\Users\Meghana.Shivakumar\.m2\repository\org\apache\tomcat\coyote\6.0.53\coyote-6.0.53.jar;C:\Users\Meghana.Shivakumar\.m2\repository\org\apache\tomcat\juli\6.0.53\juli-6.0.53.jar;C:\Users\Meghana.Shivakumar\.m2\repository\org\samba\jcifs\jcifs\1.3.3\jcifs-1.3.3.jar;C:\Users\Meghana.Shivakumar\.m2\repository\joda-time\joda-time\2.9.1\joda-time-2.9.1.jar;C:\Users\Meghana.Shivakumar\.m2\repository\com\mulesoft\muleesb\transports\mule-transport-jdbc-ee\3.9.1\mule-transport-jdbc-ee-3.9.1.jar;C:\Users\Meghana.Shivakumar\.m2\repository\org\mule\transports\mule-transport-jdbc\3.9.1\mule-transport-jdbc-3.9.1.jar;C:\Users\Meghana.Shivakumar\.m2\repository\net\sf\flatpack\flatpack\3.1.1\flatpack-3.1.1.jar;C:\Users\Meghana.Shivakumar\.m2\repository\org\jdom\jdom\1.1.3\jdom-1.1.3.jar;C:\Users\Meghana.Shivakumar\.m2\repository\dom4j\dom4j\1.6.1\dom4j-1.6.1.jar;C:\Users\Meghana.Shivakumar\.m2\repository\com\mulesoft\muleesb\transports\mule-transport-jms-ee\3.9.1\mule-transport-jms-ee-3.9.1.jar;C:\Users\Meghana.Shivakumar\.m2\repository\org\mule\transports\mule-transport-vm\3.9.1\mule-transport-vm-3.9.1.jar;C:\Users\Meghana.Shivakumar\.m2\repository\org\mule\modules\mule-module-scripting\3.9.1\mule-module-scripting-3.9.1.jar;C:\Users\Meghana.Shivakumar\.m2\repository\org\springframework\spring-aop\4.1.9.RELEASE\spring-aop-4.1.9.RELEASE.jar;C:\Users\Meghana.Shivakumar\.m2\repository\aopalliance\aopalliance\1.0\aopalliance-1.0.jar;C:\Users\Meghana.Shivakumar\.m2\repository\org\mule\modules\mule-module-builders\3.9.1\mule-module-builders-3.9.1.jar;C:\Users\Meghana.Shivakumar\.m2\repository\org\springframework\spring-web\4.1.9.RELEASE\spring-web-4.1.9.RELEASE.jar;C:\Users\Meghana.Shivakumar\.m2\repository\org\codehaus\groovy\groovy-all\2.4.4\groovy-all-2.4.4-indy.jar;C:\Users\Meghana.Shivakumar\.m2\repository\org\python\jython-standalone\2.7.1\jython-standalone-2.7.1.jar;C:\Users\Meghana.Shivakumar\.m2\repository\javax\script\js-engine\1.1\js-engine-1.1-jdk14.jar;C:\Users\Meghana.Shivakumar\.m2\repository\org\mozilla\rhino\1.7R4\rhino-1.7R4.jar;C:\Users\Meghana.Shivakumar\.m2\repository\org\mule\modules\mule-module-scripting-jruby\3.9.1\mule-module-scripting-jruby-3.9.1.jar;C:\Users\Meghana.Shivakumar\.m2\repository\org\jruby\jruby-stdlib\9.1.16.0\jruby-stdlib-9.1.16.0.jar;C:\Users\Meghana.Shivakumar\.m2\repository\com\github\jnr\jnr-netdb\1.1.6\jnr-netdb-1.1.6.jar;C:\Users\Meghana.Shivakumar\.m2\repository\com\github\jnr\jnr-enxio\0.16\jnr-enxio-0.16.jar;C:\Users\Meghana.Shivakumar\.m2\repository\com\github\jnr\jnr-x86asm\1.0.2\jnr-x86asm-1.0.2.jar;C:\Users\Meghana.Shivakumar\.m2\repository\com\github\jnr\jnr-unixsocket\0.17\jnr-unixsocket-0.17.jar;C:\Users\Meghana.Shivakumar\.m2\repository\com\github\jnr\jnr-posix\3.0.42\jnr-posix-3.0.42.jar;C:\Users\Meghana.Shivakumar\.m2\repository\com\github\jnr\jnr-constants\0.9.9\jnr-constants-0.9.9.jar;C:\Users\Meghana.Shivakumar\.m2\repository\com\github\jnr\jffi\1.2.16\jffi-1.2.16.jar;C:\Users\Meghana.Shivakumar\.m2\repository\com\github\jnr\jffi\1.2.16\jffi-1.2.16-native.jar;C:\Users\Meghana.Shivakumar\.m2\repository\org\jruby\joni\joni\2.1.11\joni-2.1.11.jar;C:\Users\Meghana.Shivakumar\.m2\repository\org\jruby\extras\bytelist\1.0.15\bytelist-1.0.15.jar;C:\Users\Meghana.Shivakumar\.m2\repository\org\jruby\jcodings\jcodings\1.0.18\jcodings-1.0.18.jar;C:\Users\Meghana.Shivakumar\.m2\repository\org\jruby\dirgra\0.3\dirgra-0.3.jar;C:\Users\Meghana.Shivakumar\.m2\repository\com\headius\invokebinder\1.10\invokebinder-1.10.jar;C:\Users\Meghana.Shivakumar\.m2\repository\com\headius\options\1.4\options-1.4.jar;C:\Users\Meghana.Shivakumar\.m2\repository\com\headius\unsafe-fences\1.0\unsafe-fences-1.0.jar;C:\Users\Meghana.Shivakumar\.m2\repository\com\headius\modulator\1.0\modulator-1.0.jar;C:\Users\Meghana.Shivakumar\.m2\repository\com\jcraft\jzlib\1.1.3\jzlib-1.1.3.jar;C:\Users\Meghana.Shivakumar\.m2\repository\com\martiansoftware\nailgun-server\0.9.1\nailgun-server-0.9.1.jar;C:\Users\Meghana.Shivakumar\.m2\repository\org\mule\modules\mule-module-xml\3.9.1\mule-module-xml-3.9.1.jar;C:\Users\Meghana.Shivakumar\.m2\repository\commons-jxpath\commons-jxpath\1.3\commons-jxpath-1.3.jar;C:\Users\Meghana.Shivakumar\.m2\repository\com\thoughtworks\xstream\xstream\1.4.10\xstream-1.4.10.jar;C:\Users\Meghana.Shivakumar\.m2\repository\xmlpull\xmlpull\1.1.3.1\xmlpull-1.1.3.1.jar;C:\Users\Meghana.Shivakumar\.m2\repository\xpp3\xpp3_min\1.1.3.4.O\xpp3_min-1.1.3.4.O.jar;C:\Users\Meghana.Shivakumar\.m2\repository\org\codehaus\woodstox\woodstox-core-asl\4.4.1\woodstox-core-asl-4.4.1.jar;C:\Users\Meghana.Shivakumar\.m2\repository\org\codehaus\woodstox\stax2-api\3.1.4\stax2-api-3.1.4.jar;C:\Users\Meghana.Shivakumar\.m2\repository\jaxen\jaxen\1.1.1\jaxen-1.1.1.jar;C:\Users\Meghana.Shivakumar\.m2\repository\jdom\jdom\1.0\jdom-1.0.jar;C:\Users\Meghana.Shivakumar\.m2\repository\net\java\dev\stax-utils\stax-utils\20080702\stax-utils-20080702.jar;C:\Users\Meghana.Shivakumar\.m2\repository\net\sf\saxon\Saxon-HE\9.6.0-10\Saxon-HE-9.6.0-10.jar;C:\Users\Meghana.Shivakumar\.m2\repository\net\sf\saxon\Saxon-HE\9.6.0-10\Saxon-HE-9.6.0-10-xqj.jar;C:\Users\Meghana.Shivakumar\.m2\repository\javax\xml\xquery\xqj-api\1.0\xqj-api-1.0.jar;C:\Users\Meghana.Shivakumar\.m2\repository\org\apache\derby\derby\10.14.2.0\derby-10.14.2.0.jar;C:\Users\Meghana.Shivakumar\.m2\repository\org\apache\activemq\activemq-client\5.15.8\activemq-client-5.15.8.jar;C:\Users\Meghana.Shivakumar\.m2\repository\org\slf4j\slf4j-api\1.7.25\slf4j-api-1.7.25.jar;C:\Users\Meghana.Shivakumar\.m2\repository\org\apache\geronimo\specs\geronimo-jms_1.1_spec\1.1.1\geronimo-jms_1.1_spec-1.1.1.jar;C:\Users\Meghana.Shivakumar\.m2\repository\org\fusesource\hawtbuf\hawtbuf\1.11\hawtbuf-1.11.jar;C:\Users\Meghana.Shivakumar\.m2\repository\org\apache\geronimo\specs\geronimo-j2ee-management_1.1_spec\1.0.1\geronimo-j2ee-management_1.1_spec-1.0.1.jar;C:\Users\Meghana.Shivakumar\.m2\repository\org\apache\activemq\activemq-broker\5.15.8\activemq-broker-5.15.8.jar;C:\Users\Meghana.Shivakumar\.m2\repository\org\apache\activemq\activemq-openwire-legacy\5.15.8\activemq-openwire-legacy-5.15.8.jar;C:\Users\Meghana.Shivakumar\.m2\repository\com\google\guava\guava\18.0\guava-18.0.jar;C:\Users\Meghana.Shivakumar\.m2\repository\com\fasterxml\jackson\core\jackson-databind\2.9.6\jackson-databind-2.9.6.jar;C:\Users\Meghana.Shivakumar\.m2\repository\com\fasterxml\jackson\core\jackson-annotations\2.9.0\jackson-annotations-2.9.0.jar;C:\Users\Meghana.Shivakumar\.m2\repository\org\apache\activemq\activemq-kahadb-store\5.15.8\activemq-kahadb-store-5.15.8.jar;C:\Users\Meghana.Shivakumar\.m2\repository\org\apache\activemq\protobuf\activemq-protobuf\1.1\activemq-protobuf-1.1.jar;C:\Users\Meghana.Shivakumar\.m2\repository\commons-net\commons-net\3.6\commons-net-3.6.jar;C:\Users\Meghana.Shivakumar\.m2\repository\org\mule\tests\mule-tests-functional\3.9.1\mule-tests-functional-3.9.1.jar;C:\Users\Meghana.Shivakumar\.m2\repository\org\mule\modules\mule-module-extensions-support\3.9.1\mule-module-extensions-support-3.9.1.jar;C:\Users\Meghana.Shivakumar\.m2\repository\org\mule\extensions\mule-extensions-annotations\1.0.0-alpha-1\mule-extensions-annotations-1.0.0-alpha-1.jar;C:\Users\Meghana.Shivakumar\.m2\repository\org\springframework\spring-beans\4.1.9.RELEASE\spring-beans-4.1.9.RELEASE.jar;C:\Users\Meghana.Shivakumar\.m2\repository\junit\junit\4.12\junit-4.12.jar;C:\Users\Meghana.Shivakumar\.m2\repository\org\hamcrest\hamcrest-library\1.3\hamcrest-library-1.3.jar;C:\Users\Meghana.Shivakumar\.m2\repository\org\hamcrest\hamcrest-core\1.3\hamcrest-core-1.3.jar;C:\Users\Meghana.Shivakumar\.m2\repository\org\apache\ftpserver\ftpserver-core\1.0.6\ftpserver-core-1.0.6.jar;C:\Users\Meghana.Shivakumar\.m2\repository\org\apache\mina\mina-core\2.0.4\mina-core-2.0.4.jar;C:\Users\Meghana.Shivakumar\.m2\repository\org\apache\ftpserver\ftplet-api\1.0.6\ftplet-api-1.0.6.jar;C:\Users\Meghana.Shivakumar\.m2\repository\org\apache\sshd\sshd-core\1.4.0\sshd-core-1.4.0.jar;C:\Users\Meghana.Shivakumar\.m2\repository\org\bouncycastle\bcprov-jdk15on\1.59\bcprov-jdk15on-1.59.jar;C:\Users\Meghana.Shivakumar\.m2\repository\commons-dbutils\commons-dbutils\1.2\commons-dbutils-1.2.jar;C:\Users\Meghana.Shivakumar\.m2\repository\org\reflections\reflections\0.9.9\reflections-0.9.9.jar;C:\Users\Meghana.Shivakumar\.m2\repository\org\mule\mule-core\3.9.1\mule-core-3.9.1-tests.jar;C:\Users\Meghana.Shivakumar\.m2\repository\org\mockito\mockito-core\1.10.19\mockito-core-1.10.19.jar;C:\Users\Meghana.Shivakumar\.m2\repository\org\objenesis\objenesis\2.1\objenesis-2.1.jar;C:\Users\Meghana.Shivakumar\.m2\repository\org\mule\modules\mule-module-http\3.9.1\mule-module-http-3.9.1.jar;C:\Users\Meghana.Shivakumar\.m2\repository\org\mule\transports\mule-transport-tcp\3.9.1\mule-transport-tcp-3.9.1.jar;C:\Users\Meghana.Shivakumar\.m2\repository\org\apache\geronimo\specs\geronimo-servlet_3.0_spec\1.0\geronimo-servlet_3.0_spec-1.0.jar;C:\Users\Meghana.Shivakumar\.m2\repository\org\glassfish\grizzly\grizzly-framework\2.3.35\grizzly-framework-2.3.35.jar;C:\Users\Meghana.Shivakumar\.m2\repository\org\glassfish\grizzly\grizzly-http-server\2.3.35\grizzly-http-server-2.3.35.jar;C:\Users\Meghana.Shivakumar\.m2\repository\org\glassfish\grizzly\grizzly-http\2.3.35\grizzly-http-2.3.35.jar;C:\Users\Meghana.Shivakumar\.m2\repository\org\glassfish\grizzly\connection-pool\2.3.35\connection-pool-2.3.35.jar;C:\Users\Meghana.Shivakumar\.m2\repository\javax\mail\mail\1.4.3\mail-1.4.3.jar;C:\Users\Meghana.Shivakumar\.m2\repository\org\glassfish\grizzly\grizzly-http-client\1.14\grizzly-http-client-1.14.jar;C:\Users\Meghana.Shivakumar\.m2\repository\org\glassfish\grizzly\grizzly-websockets\2.3.35\grizzly-websockets-2.3.35.jar;C:\Users\Meghana.Shivakumar\.m2\repository\org\mule\modules\mule-module-spring-config\3.9.1\mule-module-spring-config-3.9.1.jar;C:\Users\Meghana.Shivakumar\.m2\repository\org\mule\modules\mule-module-annotations\3.9.1\mule-module-annotations-3.9.1.jar;C:\Users\Meghana.Shivakumar\.m2\repository\cglib\cglib-nodep\2.2\cglib-nodep-2.2.jar;C:\Users\Meghana.Shivakumar\.m2\repository\org\mule\modules\mule-module-db\3.9.1\mule-module-db-3.9.1.jar;C:\Users\Meghana.Shivakumar\.m2\repository\com\mchange\c3p0\0.9.5.2\c3p0-0.9.5.2.jar;C:\Users\Meghana.Shivakumar\.m2\repository\com\mchange\mchange-commons-java\0.2.11\mchange-commons-java-0.2.11.jar;C:\Users\Meghana.Shivakumar\.m2\repository\com\experlog\xapool\1.5.0\xapool-1.5.0.jar;C:\Users\Meghana.Shivakumar\.m2\repository\org\mule\common\mule-common\3.9.1\mule-common-3.9.1.jar;C:\Users\Meghana.Shivakumar\.m2\repository\org\mulesoft\xmlbeans\xmlbeans\2.6.3\xmlbeans-2.6.3.jar;C:\Users\Meghana.Shivakumar\.m2\repository\javax\xml\stream\stax-api\1.0-2\stax-api-1.0-2.jar;C:\Users\Meghana.Shivakumar\.m2\repository\org\json\json\20140107\json-20140107.jar;C:\Users\Meghana.Shivakumar\.m2\repository\org\antlr\antlr-runtime\3.5.2\antlr-runtime-3.5.2.jar;C:\Users\Meghana.Shivakumar\.m2\repository\org\mule\transports\mule-transport-jms\3.9.1\mule-transport-jms-3.9.1.jar;C:\Users\Meghana.Shivakumar\.m2\repository\org\mule\springframework\spring-jms\4.1.9.RELEASE-MULE-001\spring-jms-4.1.9.RELEASE-MULE-001.jar;C:\Users\Meghana.Shivakumar\.m2\repository\org\springframework\spring-messaging\4.1.9.RELEASE\spring-messaging-4.1.9.RELEASE.jar;C:\Users\Meghana.Shivakumar\.m2\repository\org\springframework\spring-tx\4.1.9.RELEASE\spring-tx-4.1.9.RELEASE.jar;"/>
    <property name="java.vm.vendor" value="Oracle Corporation"/>
    <property name="sun.arch.data.model" value="64"/>
    <property name="user.variant" value=""/>
    <property name="java.vendor.url" value="http://java.oracle.com/"/>
    <property name="user.timezone" value="America/Chicago"/>
    <property name="java.vm.specification.version" value="1.8"/>
    <property name="os.name" value="Windows 10"/>
    <property name="user.country" value="US"/>
    <property name="sun.java.launcher" value="SUN_STANDARD"/>
    <property name="sun.boot.library.path" value="C:\Program Files\Java\jdk1.8.0_131\jre\bin"/>
    <property name="sun.java.command" value="C:\Users\Meghana.Shivakumar\AppData\Local\Temp\surefire8518232014964426690\surefirebooter3426388663638220925.jar C:\Users\Meghana.Shivakumar\AppData\Local\Temp\surefire8518232014964426690 2019-03-04T16-25-19_323-jvmRun1 surefire436852846740872526tmp surefire_0601672227751794105tmp"/>
    <property name="surefire.test.class.path" value="C:\dev\workspaces\anypoint\maven-project\target\test-classes;C:\dev\workspaces\anypoint\maven-project\target\classes;C:\Users\Meghana.Shivakumar\.m2\repository\com\mulesoft\muleesb\mule-core-ee\3.9.1\mule-core-ee-3.9.1.jar;C:\Users\Meghana.Shivakumar\.m2\repository\org\mule\mule-core\3.9.1\mule-core-3.9.1.jar;C:\Users\Meghana.Shivakumar\.m2\repository\org\mule\extensions\mule-extensions-api\1.0.0-alpha-1\mule-extensions-api-1.0.0-alpha-1.jar;C:\Users\Meghana.Shivakumar\.m2\repository\commons-beanutils\commons-beanutils\1.9.3\commons-beanutils-1.9.3.jar;C:\Users\Meghana.Shivakumar\.m2\repository\com\github\stephenc\eaio-uuid\uuid\3.4.0\uuid-3.4.0.jar;C:\Users\Meghana.Shivakumar\.m2\repository\com\github\stephenc\eaio-grabbag\grabbag\1.8.1\grabbag-1.8.1.jar;C:\Users\Meghana.Shivakumar\.m2\repository\commons-cli\commons-cli\1.2\commons-cli-1.2.jar;C:\Users\Meghana.Shivakumar\.m2\repository\commons-collections\commons-collections\3.2.2\commons-collections-3.2.2.jar;C:\Users\Meghana.Shivakumar\.m2\repository\commons-io\commons-io\2.6\commons-io-2.6.jar;C:\Users\Meghana.Shivakumar\.m2\repository\commons-lang\commons-lang\2.6\commons-lang-2.6.jar;C:\Users\Meghana.Shivakumar\.m2\repository\org\apache\commons\commons-lang3\3.6\commons-lang3-3.6.jar;C:\Users\Meghana.Shivakumar\.m2\repository\commons-pool\commons-pool\1.6\commons-pool-1.6.jar;C:\Users\Meghana.Shivakumar\.m2\repository\javax\transaction\javax.transaction-api\1.2\javax.transaction-api-1.2.jar;C:\Users\Meghana.Shivakumar\.m2\repository\org\apache\geronimo\specs\geronimo-j2ee-connector_1.5_spec\2.0.0\geronimo-j2ee-connector_1.5_spec-2.0.0.jar;C:\Users\Meghana.Shivakumar\.m2\repository\javax\inject\javax.inject\1\javax.inject-1.jar;C:\Users\Meghana.Shivakumar\.m2\repository\com\lmax\disruptor\3.3.0\disruptor-3.3.0.jar;C:\Users\Meghana.Shivakumar\.m2\repository\org\apache\logging\log4j\log4j-api\2.8.2\log4j-api-2.8.2.jar;C:\Users\Meghana.Shivakumar\.m2\repository\org\apache\logging\log4j\log4j-core\2.8.2\log4j-core-2.8.2.jar;C:\Users\Meghana.Shivakumar\.m2\repository\org\apache\logging\log4j\log4j-slf4j-impl\2.8.2\log4j-slf4j-impl-2.8.2.jar;C:\Users\Meghana.Shivakumar\.m2\repository\org\apache\logging\log4j\log4j-1.2-api\2.8.2\log4j-1.2-api-2.8.2.jar;C:\Users\Meghana.Shivakumar\.m2\repository\org\apache\logging\log4j\log4j-jcl\2.8.2\log4j-jcl-2.8.2.jar;C:\Users\Meghana.Shivakumar\.m2\repository\commons-logging\commons-logging\1.2\commons-logging-1.2.jar;C:\Users\Meghana.Shivakumar\.m2\repository\org\slf4j\jcl-over-slf4j\1.7.24\jcl-over-slf4j-1.7.24.jar;C:\Users\Meghana.Shivakumar\.m2\repository\org\apache\logging\log4j\log4j-jul\2.8.2\log4j-jul-2.8.2.jar;C:\Users\Meghana.Shivakumar\.m2\repository\asm\asm\3.1\asm-3.1.jar;C:\Users\Meghana.Shivakumar\.m2\repository\asm\asm-commons\3.1\asm-commons-3.1.jar;C:\Users\Meghana.Shivakumar\.m2\repository\asm\asm-tree\3.1\asm-tree-3.1.jar;C:\Users\Meghana.Shivakumar\.m2\repository\org\mule\mvel\mule-mvel2\2.1.9-MULE-015\mule-mvel2-2.1.9-MULE-015.jar;C:\Users\Meghana.Shivakumar\.m2\repository\org\jgrapht\jgrapht-jdk1.5\0.7.3\jgrapht-jdk1.5-0.7.3.jar;C:\Users\Meghana.Shivakumar\.m2\repository\com\fasterxml\jackson\core\jackson-core\2.9.5\jackson-core-2.9.5.jar;C:\Users\Meghana.Shivakumar\.m2\repository\com\mulesoft\licm\licm\1.2.1\licm-1.2.1.jar;C:\Users\Meghana.Shivakumar\.m2\repository\de\schlichtherle\truelicense\1.29\truelicense-1.29.jar;C:\Users\Meghana.Shivakumar\.m2\repository\de\schlichtherle\truexml\1.29\truexml-1.29.jar;C:\Users\Meghana.Shivakumar\.m2\repository\opensymphony\propertyset\1.3\propertyset-1.3.jar;C:\Users\Meghana.Shivakumar\.m2\repository\opensymphony\oscore\2.2.4\oscore-2.2.4.jar;C:\Users\Meghana.Shivakumar\.m2\repository\org\aspectj\aspectjrt\1.8.5\aspectjrt-1.8.5.jar;C:\Users\Meghana.Shivakumar\.m2\repository\com\mulesoft\muleesb\modules\mule-module-spring-config-ee\3.9.1\mule-module-spring-config-ee-3.9.1.jar;C:\Users\Meghana.Shivakumar\.m2\repository\com\mulesoft\muleesb\modules\mule-module-multi-tx-ee\3.9.1\mule-module-multi-tx-ee-3.9.1.jar;C:\Users\Meghana.Shivakumar\.m2\repository\com\mulesoft\muleesb\modules\mule-module-xa-tx-ee\3.9.1\mule-module-xa-tx-ee-3.9.1.jar;C:\Users\Meghana.Shivakumar\.m2\repository\com\mulesoft\muleesb\modules\mule-module-cache-ee\3.9.1\mule-module-cache-ee-3.9.1.jar;C:\Users\Meghana.Shivakumar\.m2\repository\org\springframework\spring-context\4.1.9.RELEASE\spring-context-4.1.9.RELEASE.jar;C:\Users\Meghana.Shivakumar\.m2\repository\org\springframework\spring-core\4.1.9.RELEASE\spring-core-4.1.9.RELEASE.jar;C:\Users\Meghana.Shivakumar\.m2\repository\org\springframework\spring-expression\4.1.9.RELEASE\spring-expression-4.1.9.RELEASE.jar;C:\Users\Meghana.Shivakumar\.m2\repository\org\mule\transports\mule-transport-file\3.9.1\mule-transport-file-3.9.1.jar;C:\Users\Meghana.Shivakumar\.m2\repository\org\mule\transports\mule-transport-http\3.9.1\mule-transport-http-3.9.1.jar;C:\Users\Meghana.Shivakumar\.m2\repository\org\mule\transports\mule-transport-ssl\3.9.1\mule-transport-ssl-3.9.1.jar;C:\Users\Meghana.Shivakumar\.m2\repository\commons-codec\commons-codec\1.9\commons-codec-1.9.jar;C:\Users\Meghana.Shivakumar\.m2\repository\org\mule\apache\commons-httpclient\commons-httpclient\3.1-14-MULE-001\commons-httpclient-3.1-14-MULE-001.jar;C:\Users\Meghana.Shivakumar\.m2\repository\org\apache\tomcat\coyote\6.0.53\coyote-6.0.53.jar;C:\Users\Meghana.Shivakumar\.m2\repository\org\apache\tomcat\juli\6.0.53\juli-6.0.53.jar;C:\Users\Meghana.Shivakumar\.m2\repository\org\samba\jcifs\jcifs\1.3.3\jcifs-1.3.3.jar;C:\Users\Meghana.Shivakumar\.m2\repository\joda-time\joda-time\2.9.1\joda-time-2.9.1.jar;C:\Users\Meghana.Shivakumar\.m2\repository\com\mulesoft\muleesb\transports\mule-transport-jdbc-ee\3.9.1\mule-transport-jdbc-ee-3.9.1.jar;C:\Users\Meghana.Shivakumar\.m2\repository\org\mule\transports\mule-transport-jdbc\3.9.1\mule-transport-jdbc-3.9.1.jar;C:\Users\Meghana.Shivakumar\.m2\repository\net\sf\flatpack\flatpack\3.1.1\flatpack-3.1.1.jar;C:\Users\Meghana.Shivakumar\.m2\repository\org\jdom\jdom\1.1.3\jdom-1.1.3.jar;C:\Users\Meghana.Shivakumar\.m2\repository\dom4j\dom4j\1.6.1\dom4j-1.6.1.jar;C:\Users\Meghana.Shivakumar\.m2\repository\com\mulesoft\muleesb\transports\mule-transport-jms-ee\3.9.1\mule-transport-jms-ee-3.9.1.jar;C:\Users\Meghana.Shivakumar\.m2\repository\org\mule\transports\mule-transport-vm\3.9.1\mule-transport-vm-3.9.1.jar;C:\Users\Meghana.Shivakumar\.m2\repository\org\mule\modules\mule-module-scripting\3.9.1\mule-module-scripting-3.9.1.jar;C:\Users\Meghana.Shivakumar\.m2\repository\org\springframework\spring-aop\4.1.9.RELEASE\spring-aop-4.1.9.RELEASE.jar;C:\Users\Meghana.Shivakumar\.m2\repository\aopalliance\aopalliance\1.0\aopalliance-1.0.jar;C:\Users\Meghana.Shivakumar\.m2\repository\org\mule\modules\mule-module-builders\3.9.1\mule-module-builders-3.9.1.jar;C:\Users\Meghana.Shivakumar\.m2\repository\org\springframework\spring-web\4.1.9.RELEASE\spring-web-4.1.9.RELEASE.jar;C:\Users\Meghana.Shivakumar\.m2\repository\org\codehaus\groovy\groovy-all\2.4.4\groovy-all-2.4.4-indy.jar;C:\Users\Meghana.Shivakumar\.m2\repository\org\python\jython-standalone\2.7.1\jython-standalone-2.7.1.jar;C:\Users\Meghana.Shivakumar\.m2\repository\javax\script\js-engine\1.1\js-engine-1.1-jdk14.jar;C:\Users\Meghana.Shivakumar\.m2\repository\org\mozilla\rhino\1.7R4\rhino-1.7R4.jar;C:\Users\Meghana.Shivakumar\.m2\repository\org\mule\modules\mule-module-scripting-jruby\3.9.1\mule-module-scripting-jruby-3.9.1.jar;C:\Users\Meghana.Shivakumar\.m2\repository\org\jruby\jruby-stdlib\9.1.16.0\jruby-stdlib-9.1.16.0.jar;C:\Users\Meghana.Shivakumar\.m2\repository\com\github\jnr\jnr-netdb\1.1.6\jnr-netdb-1.1.6.jar;C:\Users\Meghana.Shivakumar\.m2\repository\com\github\jnr\jnr-enxio\0.16\jnr-enxio-0.16.jar;C:\Users\Meghana.Shivakumar\.m2\repository\com\github\jnr\jnr-x86asm\1.0.2\jnr-x86asm-1.0.2.jar;C:\Users\Meghana.Shivakumar\.m2\repository\com\github\jnr\jnr-unixsocket\0.17\jnr-unixsocket-0.17.jar;C:\Users\Meghana.Shivakumar\.m2\repository\com\github\jnr\jnr-posix\3.0.42\jnr-posix-3.0.42.jar;C:\Users\Meghana.Shivakumar\.m2\repository\com\github\jnr\jnr-constants\0.9.9\jnr-constants-0.9.9.jar;C:\Users\Meghana.Shivakumar\.m2\repository\com\github\jnr\jffi\1.2.16\jffi-1.2.16.jar;C:\Users\Meghana.Shivakumar\.m2\repository\com\github\jnr\jffi\1.2.16\jffi-1.2.16-native.jar;C:\Users\Meghana.Shivakumar\.m2\repository\org\jruby\joni\joni\2.1.11\joni-2.1.11.jar;C:\Users\Meghana.Shivakumar\.m2\repository\org\jruby\extras\bytelist\1.0.15\bytelist-1.0.15.jar;C:\Users\Meghana.Shivakumar\.m2\repository\org\jruby\jcodings\jcodings\1.0.18\jcodings-1.0.18.jar;C:\Users\Meghana.Shivakumar\.m2\repository\org\jruby\dirgra\0.3\dirgra-0.3.jar;C:\Users\Meghana.Shivakumar\.m2\repository\com\headius\invokebinder\1.10\invokebinder-1.10.jar;C:\Users\Meghana.Shivakumar\.m2\repository\com\headius\options\1.4\options-1.4.jar;C:\Users\Meghana.Shivakumar\.m2\repository\com\headius\unsafe-fences\1.0\unsafe-fences-1.0.jar;C:\Users\Meghana.Shivakumar\.m2\repository\com\headius\modulator\1.0\modulator-1.0.jar;C:\Users\Meghana.Shivakumar\.m2\repository\com\jcraft\jzlib\1.1.3\jzlib-1.1.3.jar;C:\Users\Meghana.Shivakumar\.m2\repository\com\martiansoftware\nailgun-server\0.9.1\nailgun-server-0.9.1.jar;C:\Users\Meghana.Shivakumar\.m2\repository\org\mule\modules\mule-module-xml\3.9.1\mule-module-xml-3.9.1.jar;C:\Users\Meghana.Shivakumar\.m2\repository\commons-jxpath\commons-jxpath\1.3\commons-jxpath-1.3.jar;C:\Users\Meghana.Shivakumar\.m2\repository\com\thoughtworks\xstream\xstream\1.4.10\xstream-1.4.10.jar;C:\Users\Meghana.Shivakumar\.m2\repository\xmlpull\xmlpull\1.1.3.1\xmlpull-1.1.3.1.jar;C:\Users\Meghana.Shivakumar\.m2\repository\xpp3\xpp3_min\1.1.3.4.O\xpp3_min-1.1.3.4.O.jar;C:\Users\Meghana.Shivakumar\.m2\repository\org\codehaus\woodstox\woodstox-core-asl\4.4.1\woodstox-core-asl-4.4.1.jar;C:\Users\Meghana.Shivakumar\.m2\repository\org\codehaus\woodstox\stax2-api\3.1.4\stax2-api-3.1.4.jar;C:\Users\Meghana.Shivakumar\.m2\repository\jaxen\jaxen\1.1.1\jaxen-1.1.1.jar;C:\Users\Meghana.Shivakumar\.m2\repository\jdom\jdom\1.0\jdom-1.0.jar;C:\Users\Meghana.Shivakumar\.m2\repository\net\java\dev\stax-utils\stax-utils\20080702\stax-utils-20080702.jar;C:\Users\Meghana.Shivakumar\.m2\repository\net\sf\saxon\Saxon-HE\9.6.0-10\Saxon-HE-9.6.0-10.jar;C:\Users\Meghana.Shivakumar\.m2\repository\net\sf\saxon\Saxon-HE\9.6.0-10\Saxon-HE-9.6.0-10-xqj.jar;C:\Users\Meghana.Shivakumar\.m2\repository\javax\xml\xquery\xqj-api\1.0\xqj-api-1.0.jar;C:\Users\Meghana.Shivakumar\.m2\repository\org\apache\derby\derby\10.14.2.0\derby-10.14.2.0.jar;C:\Users\Meghana.Shivakumar\.m2\repository\org\apache\activemq\activemq-client\5.15.8\activemq-client-5.15.8.jar;C:\Users\Meghana.Shivakumar\.m2\repository\org\slf4j\slf4j-api\1.7.25\slf4j-api-1.7.25.jar;C:\Users\Meghana.Shivakumar\.m2\repository\org\apache\geronimo\specs\geronimo-jms_1.1_spec\1.1.1\geronimo-jms_1.1_spec-1.1.1.jar;C:\Users\Meghana.Shivakumar\.m2\repository\org\fusesource\hawtbuf\hawtbuf\1.11\hawtbuf-1.11.jar;C:\Users\Meghana.Shivakumar\.m2\repository\org\apache\geronimo\specs\geronimo-j2ee-management_1.1_spec\1.0.1\geronimo-j2ee-management_1.1_spec-1.0.1.jar;C:\Users\Meghana.Shivakumar\.m2\repository\org\apache\activemq\activemq-broker\5.15.8\activemq-broker-5.15.8.jar;C:\Users\Meghana.Shivakumar\.m2\repository\org\apache\activemq\activemq-openwire-legacy\5.15.8\activemq-openwire-legacy-5.15.8.jar;C:\Users\Meghana.Shivakumar\.m2\repository\com\google\guava\guava\18.0\guava-18.0.jar;C:\Users\Meghana.Shivakumar\.m2\repository\com\fasterxml\jackson\core\jackson-databind\2.9.6\jackson-databind-2.9.6.jar;C:\Users\Meghana.Shivakumar\.m2\repository\com\fasterxml\jackson\core\jackson-annotations\2.9.0\jackson-annotations-2.9.0.jar;C:\Users\Meghana.Shivakumar\.m2\repository\org\apache\activemq\activemq-kahadb-store\5.15.8\activemq-kahadb-store-5.15.8.jar;C:\Users\Meghana.Shivakumar\.m2\repository\org\apache\activemq\protobuf\activemq-protobuf\1.1\activemq-protobuf-1.1.jar;C:\Users\Meghana.Shivakumar\.m2\repository\commons-net\commons-net\3.6\commons-net-3.6.jar;C:\Users\Meghana.Shivakumar\.m2\repository\org\mule\tests\mule-tests-functional\3.9.1\mule-tests-functional-3.9.1.jar;C:\Users\Meghana.Shivakumar\.m2\repository\org\mule\modules\mule-module-extensions-support\3.9.1\mule-module-extensions-support-3.9.1.jar;C:\Users\Meghana.Shivakumar\.m2\repository\org\mule\extensions\mule-extensions-annotations\1.0.0-alpha-1\mule-extensions-annotations-1.0.0-alpha-1.jar;C:\Users\Meghana.Shivakumar\.m2\repository\org\springframework\spring-beans\4.1.9.RELEASE\spring-beans-4.1.9.RELEASE.jar;C:\Users\Meghana.Shivakumar\.m2\repository\junit\junit\4.12\junit-4.12.jar;C:\Users\Meghana.Shivakumar\.m2\repository\org\hamcrest\hamcrest-library\1.3\hamcrest-library-1.3.jar;C:\Users\Meghana.Shivakumar\.m2\repository\org\hamcrest\hamcrest-core\1.3\hamcrest-core-1.3.jar;C:\Users\Meghana.Shivakumar\.m2\repository\org\apache\ftpserver\ftpserver-core\1.0.6\ftpserver-core-1.0.6.jar;C:\Users\Meghana.Shivakumar\.m2\repository\org\apache\mina\mina-core\2.0.4\mina-core-2.0.4.jar;C:\Users\Meghana.Shivakumar\.m2\repository\org\apache\ftpserver\ftplet-api\1.0.6\ftplet-api-1.0.6.jar;C:\Users\Meghana.Shivakumar\.m2\repository\org\apache\sshd\sshd-core\1.4.0\sshd-core-1.4.0.jar;C:\Users\Meghana.Shivakumar\.m2\repository\org\bouncycastle\bcprov-jdk15on\1.59\bcprov-jdk15on-1.59.jar;C:\Users\Meghana.Shivakumar\.m2\repository\commons-dbutils\commons-dbutils\1.2\commons-dbutils-1.2.jar;C:\Users\Meghana.Shivakumar\.m2\repository\org\reflections\reflections\0.9.9\reflections-0.9.9.jar;C:\Users\Meghana.Shivakumar\.m2\repository\org\mule\mule-core\3.9.1\mule-core-3.9.1-tests.jar;C:\Users\Meghana.Shivakumar\.m2\repository\org\mockito\mockito-core\1.10.19\mockito-core-1.10.19.jar;C:\Users\Meghana.Shivakumar\.m2\repository\org\objenesis\objenesis\2.1\objenesis-2.1.jar;C:\Users\Meghana.Shivakumar\.m2\repository\org\mule\modules\mule-module-http\3.9.1\mule-module-http-3.9.1.jar;C:\Users\Meghana.Shivakumar\.m2\repository\org\mule\transports\mule-transport-tcp\3.9.1\mule-transport-tcp-3.9.1.jar;C:\Users\Meghana.Shivakumar\.m2\repository\org\apache\geronimo\specs\geronimo-servlet_3.0_spec\1.0\geronimo-servlet_3.0_spec-1.0.jar;C:\Users\Meghana.Shivakumar\.m2\repository\org\glassfish\grizzly\grizzly-framework\2.3.35\grizzly-framework-2.3.35.jar;C:\Users\Meghana.Shivakumar\.m2\repository\org\glassfish\grizzly\grizzly-http-server\2.3.35\grizzly-http-server-2.3.35.jar;C:\Users\Meghana.Shivakumar\.m2\repository\org\glassfish\grizzly\grizzly-http\2.3.35\grizzly-http-2.3.35.jar;C:\Users\Meghana.Shivakumar\.m2\repository\org\glassfish\grizzly\connection-pool\2.3.35\connection-pool-2.3.35.jar;C:\Users\Meghana.Shivakumar\.m2\repository\javax\mail\mail\1.4.3\mail-1.4.3.jar;C:\Users\Meghana.Shivakumar\.m2\repository\org\glassfish\grizzly\grizzly-http-client\1.14\grizzly-http-client-1.14.jar;C:\Users\Meghana.Shivakumar\.m2\repository\org\glassfish\grizzly\grizzly-websockets\2.3.35\grizzly-websockets-2.3.35.jar;C:\Users\Meghana.Shivakumar\.m2\repository\org\mule\modules\mule-module-spring-config\3.9.1\mule-module-spring-config-3.9.1.jar;C:\Users\Meghana.Shivakumar\.m2\repository\org\mule\modules\mule-module-annotations\3.9.1\mule-module-annotations-3.9.1.jar;C:\Users\Meghana.Shivakumar\.m2\repository\cglib\cglib-nodep\2.2\cglib-nodep-2.2.jar;C:\Users\Meghana.Shivakumar\.m2\repository\org\mule\modules\mule-module-db\3.9.1\mule-module-db-3.9.1.jar;C:\Users\Meghana.Shivakumar\.m2\repository\com\mchange\c3p0\0.9.5.2\c3p0-0.9.5.2.jar;C:\Users\Meghana.Shivakumar\.m2\repository\com\mchange\mchange-commons-java\0.2.11\mchange-commons-java-0.2.11.jar;C:\Users\Meghana.Shivakumar\.m2\repository\com\experlog\xapool\1.5.0\xapool-1.5.0.jar;C:\Users\Meghana.Shivakumar\.m2\repository\org\mule\common\mule-common\3.9.1\mule-common-3.9.1.jar;C:\Users\Meghana.Shivakumar\.m2\repository\org\mulesoft\xmlbeans\xmlbeans\2.6.3\xmlbeans-2.6.3.jar;C:\Users\Meghana.Shivakumar\.m2\repository\javax\xml\stream\stax-api\1.0-2\stax-api-1.0-2.jar;C:\Users\Meghana.Shivakumar\.m2\repository\org\json\json\20140107\json-20140107.jar;C:\Users\Meghana.Shivakumar\.m2\repository\org\antlr\antlr-runtime\3.5.2\antlr-runtime-3.5.2.jar;C:\Users\Meghana.Shivakumar\.m2\repository\org\mule\transports\mule-transport-jms\3.9.1\mule-transport-jms-3.9.1.jar;C:\Users\Meghana.Shivakumar\.m2\repository\org\mule\springframework\spring-jms\4.1.9.RELEASE-MULE-001\spring-jms-4.1.9.RELEASE-MULE-001.jar;C:\Users\Meghana.Shivakumar\.m2\repository\org\springframework\spring-messaging\4.1.9.RELEASE\spring-messaging-4.1.9.RELEASE.jar;C:\Users\Meghana.Shivakumar\.m2\repository\org\springframework\spring-tx\4.1.9.RELEASE\spring-tx-4.1.9.RELEASE.jar;"/>
    <property name="sun.cpu.endian" value="little"/>
    <property name="user.home" value="C:\Users\Meghana.Shivakumar"/>
    <property name="user.language" value="en"/>
    <property name="java.specification.vendor" value="Oracle Corporation"/>
    <property name="java.home" value="C:\Program Files\Java\jdk1.8.0_131\jre"/>
    <property name="basedir" value="C:\dev\workspaces\anypoint\maven-project"/>
    <property name="file.separator" value="\"/>
    <property name="line.separator" value="&#10;"/>
    <property name="java.vm.specification.vendor" value="Oracle Corporation"/>
    <property name="java.specification.name" value="Java Platform API Specification"/>
    <property name="java.awt.graphicsenv" value="sun.awt.Win32GraphicsEnvironment"/>
    <property name="surefire.real.class.path" value="C:\Users\Meghana.Shivakumar\AppData\Local\Temp\surefire8518232014964426690\surefirebooter3426388663638220925.jar"/>
    <property name="sun.boot.class.path" value="C:\Program Files\Java\jdk1.8.0_131\jre\lib\resources.jar;C:\Program Files\Java\jdk1.8.0_131\jre\lib\rt.jar;C:\Program Files\Java\jdk1.8.0_131\jre\lib\sunrsasign.jar;C:\Program Files\Java\jdk1.8.0_131\jre\lib\jsse.jar;C:\Program Files\Java\jdk1.8.0_131\jre\lib\jce.jar;C:\Program Files\Java\jdk1.8.0_131\jre\lib\charsets.jar;C:\Program Files\Java\jdk1.8.0_131\jre\lib\jfr.jar;C:\Program Files\Java\jdk1.8.0_131\jre\classes"/>
    <property name="user.script" value=""/>
    <property name="sun.management.compiler" value="HotSpot 64-Bit Tiered Compilers"/>
    <property name="java.runtime.version" value="1.8.0_131-b11"/>
    <property name="user.name" value="Meghana.Shivakumar"/>
    <property name="path.separator" value=";"/>
    <property name="os.version" value="10.0"/>
    <property name="java.endorsed.dirs" value="C:\Program Files\Java\jdk1.8.0_131\jre\lib\endorsed"/>
    <property name="java.runtime.name" value="Java(TM) SE Runtime Environment"/>
    <property name="file.encoding" value="Cp1252"/>
    <property name="java.vm.name" value="Java HotSpot(TM) 64-Bit Server VM"/>
    <property name="localRepository" value="C:\Users\Meghana.Shivakumar\.m2\repository"/>
    <property name="java.vendor.url.bug" value="http://bugreport.sun.com/bugreport/"/>
    <property name="java.io.tmpdir" value="C:\Users\MEGHAN~1.SHI\AppData\Local\Temp\"/>
    <property name="java.version" value="1.8.0_131"/>
    <property name="user.dir" value="C:\dev\workspaces\anypoint\maven-project"/>
    <property name="os.arch" value="amd64"/>
    <property name="java.vm.specification.name" value="Java Virtual Machine Specification"/>
    <property name="java.awt.printerjob" value="sun.awt.windows.WPrinterJob"/>
    <property name="sun.os.patch.level" value=""/>
    <property name="java.library.path" value="C:\Program Files\Java\jdk1.8.0_131\jre\bin;C:\WINDOWS\Sun\Java\bin;C:\WINDOWS\system32;C:\WINDOWS;C:/Program Files/Java/jre1.8.0_131/bin/server;C:/Program Files/Java/jre1.8.0_131/bin;C:/Program Files/Java/jre1.8.0_131/lib/amd64;C:\ProgramData\Oracle\Java\javapath;C:\Program Files\Java\jdk1.8.0_131\bin;c:\Program Files (x86)\AMD APP\bin\x86_64;c:\Program Files (x86)\AMD APP\bin\x86;C:\Program Files (x86)\Intel\iCLS Client\;C:\Program Files\Intel\iCLS Client\;C:\WINDOWS\system32;C:\WINDOWS;C:\WINDOWS\System32\Wbem;C:\WINDOWS\System32\WindowsPowerShell\v1.0\;C:\Program Files\Intel\Intel(R) Management Engine Components\DAL;C:\Program Files\Intel\Intel(R) Management Engine Components\IPT;C:\Program Files (x86)\Intel\Intel(R) Management Engine Components\DAL;C:\Program Files (x86)\Intel\Intel(R) Management Engine Components\IPT;C:\Program Files (x86)\Intel\OpenCL SDK\3.0\bin\x86;C:\Program Files (x86)\Intel\OpenCL SDK\3.0\bin\x64;c:\Program Files (x86)\ATI Technologies\ATI.ACE\Core-Static;C:\Program Files (x86)\IBM\Client Access\Emulator;C:\Program Files (x86)\IBM\Client Access\Shared;C:\Program Files (x86)\IBM\Client Access\;C:\dev\ggts\ggts3.1.0\grails-2.1.1\bin;C:\Program Files\Java\jre1.8.0_131\bin;C:\Program Files\Java\jdk1.8.0_131\bin;C:\Program Files (x86)\Subversion\bin;C:\WINDOWS\System32\OpenSSH\;C:\Program Files (x86)\Microsoft SQL Server\100\Tools\Binn\VSShell\Common7\IDE\;C:\Program Files (x86)\Microsoft SQL Server\100\Tools\Binn\;C:\Program Files\Microsoft SQL Server\100\Tools\Binn\;C:\Program Files (x86)\Microsoft SQL Server\100\DTS\Binn\;C:\Users\Meghana.Shivakumar\AppData\Local\Microsoft\WindowsApps;;C:\dev\tools\AnypointStudio\AnypointStudio_6.5;;."/>
    <property name="java.vm.info" value="mixed mode"/>
    <property name="java.vendor" value="Oracle Corporation"/>
    <property name="java.vm.version" value="25.131-b11"/>
    <property name="java.ext.dirs" value="C:\Program Files\Java\jdk1.8.0_131\jre\lib\ext;C:\WINDOWS\Sun\Java\lib\ext"/>
    <property name="sun.io.unicode.encoding" value="UnicodeLittle"/>
    <property name="java.class.version" value="52.0"/>
  </properties>
  <testcase name="mavenFlowReturnsHelloMaven" classname="com.mulesoft.training.HelloMavenTest" time="9.174"/>
</testsuite>